This is pdfTeX, Version 3.14159265-2.6-1.40.21 (TeX Live 2020/Debian) (preloaded format=pdflatex 2023.5.22)  30 OCT 2023 13:21
entering extended mode
 restricted \write18 enabled.
 %&-line parsing enabled.
**first_draft.tex
(./first_draft.tex
LaTeX2e <2020-10-01> patch level 4
L3 programming layer <2021-01-09> xparse <2020-03-03>
(/usr/share/texlive/texmf-dist/tex/latex/base/article.cls
Document Class: article 2020/04/10 v1.4m Standard LaTeX document class
(/usr/share/texlive/texmf-dist/tex/latex/base/size10.clo
File: size10.clo 2020/04/10 v1.4m Standard LaTeX file (size option)
)
\c@part=\count177
\c@section=\count178
\c@subsection=\count179
\c@subsubsection=\count180
\c@paragraph=\count181
\c@subparagraph=\count182
\c@figure=\count183
\c@table=\count184
\abovecaptionskip=\skip47
\belowcaptionskip=\skip48
\bibindent=\dimen138
)
(/usr/share/texlive/texmf-dist/tex/generic/babel/babel.sty
Package: babel 2021/01/26 3.53 The Babel package

(/usr/share/texlive/texmf-dist/tex/generic/babel/babel.def
File: babel.def 2021/01/26 3.53 Babel common definitions
\babel@savecnt=\count185
\U@D=\dimen139
\l@babelnohyphens=\language86

(/usr/share/texlive/texmf-dist/tex/generic/babel/txtbabel.def)
\bbl@readstream=\read2
)
\bbl@dirlevel=\count186

(/usr/share/texlive/texmf-dist/tex/generic/babel-french/french.ldf
Language: french 2020/10/10 v3.5l French support from the babel system
Package babel Info: \l@acadian = using hyphenrules for french
(babel)             (\language22) on input line 91.
Package babel Info: \l@canadien = using hyphenrules for french
(babel)             (\language22) on input line 92.
\FB@nonchar=\count187
Package babel Info: Making : an active character on input line 430.
Package babel Info: Making ; an active character on input line 431.
Package babel Info: Making ! an active character on input line 432.
Package babel Info: Making ? an active character on input line 433.
\FBguill@level=\count188
\FBold@everypar=\toks15
\FB@Mht=\dimen140
\mc@charclass=\count189
\mc@charfam=\count190
\mc@charslot=\count191
\std@mcc=\count192
\dec@mcc=\count193
\listindentFB=\dimen141
\descindentFB=\dimen142
\labelindentFB=\dimen143
\labelwidthFB=\dimen144
\leftmarginFB=\dimen145
\parindentFFN=\dimen146
\FBfnindent=\dimen147
))
(/usr/share/texlive/texmf-dist/tex/latex/carlisle/scalefnt.sty)
(/usr/share/texlive/texmf-dist/tex/latex/graphics/keyval.sty
Package: keyval 2014/10/28 v1.15 key=value parser (DPC)
\KV@toks@=\toks16
)
(/usr/share/texlive/texmf-dist/tex/latex/base/fontenc.sty
Package: fontenc 2020/08/10 v2.0s Standard LaTeX package
)
(/usr/share/texlive/texmf-dist/tex/latex/psnfss/times.sty
Package: times 2020/03/25 PSNFSS-v9.3 (SPQR) 
)
(/usr/share/texlive/texmf-dist/tex/latex/biblatex/biblatex.sty
Package: biblatex 2020/12/31 v3.16 programmable bibliographies (PK/MW)

(/usr/share/texlive/texmf-dist/tex/generic/pdftexcmds/pdftexcmds.sty
Package: pdftexcmds 2020-06-27 v0.33 Utility functions of pdfTeX for LuaTeX (HO
)

(/usr/share/texlive/texmf-dist/tex/generic/infwarerr/infwarerr.sty
Package: infwarerr 2019/12/03 v1.5 Providing info/warning/error messages (HO)
)
(/usr/share/texlive/texmf-dist/tex/generic/iftex/iftex.sty
Package: iftex 2020/03/06 v1.0d TeX engine tests
)
(/usr/share/texlive/texmf-dist/tex/generic/ltxcmds/ltxcmds.sty
Package: ltxcmds 2020-05-10 v1.25 LaTeX kernel commands for general use (HO)
)
Package pdftexcmds Info: \pdf@primitive is available.
Package pdftexcmds Info: \pdf@ifprimitive is available.
Package pdftexcmds Info: \pdfdraftmode found.
)
(/usr/share/texlive/texmf-dist/tex/latex/etoolbox/etoolbox.sty
Package: etoolbox 2020/10/05 v2.5k e-TeX tools for LaTeX (JAW)
\etb@tempcnta=\count194
)
(/usr/share/texlive/texmf-dist/tex/latex/kvoptions/kvoptions.sty
Package: kvoptions 2020-10-07 v3.14 Key value format for package options (HO)

(/usr/share/texlive/texmf-dist/tex/generic/kvsetkeys/kvsetkeys.sty
Package: kvsetkeys 2019/12/15 v1.18 Key value parser (HO)
))
(/usr/share/texlive/texmf-dist/tex/latex/logreq/logreq.sty
Package: logreq 2010/08/04 v1.0 xml request logger
\lrq@indent=\count195

(/usr/share/texlive/texmf-dist/tex/latex/logreq/logreq.def
File: logreq.def 2010/08/04 v1.0 logreq spec v1.0
))
(/usr/share/texlive/texmf-dist/tex/latex/base/ifthen.sty
Package: ifthen 2014/09/29 v1.1c Standard LaTeX ifthen package (DPC)
)
(/usr/share/texlive/texmf-dist/tex/latex/url/url.sty
\Urlmuskip=\muskip16
Package: url 2013/09/16  ver 3.4  Verb mode for urls, etc.
)
\c@tabx@nest=\count196
\c@listtotal=\count197
\c@listcount=\count198
\c@liststart=\count199
\c@liststop=\count266
\c@citecount=\count267
\c@citetotal=\count268
\c@multicitecount=\count269
\c@multicitetotal=\count270
\c@instcount=\count271
\c@maxnames=\count272
\c@minnames=\count273
\c@maxitems=\count274
\c@minitems=\count275
\c@citecounter=\count276
\c@maxcitecounter=\count277
\c@savedcitecounter=\count278
\c@uniquelist=\count279
\c@uniquename=\count280
\c@refsection=\count281
\c@refsegment=\count282
\c@maxextratitle=\count283
\c@maxextratitleyear=\count284
\c@maxextraname=\count285
\c@maxextradate=\count286
\c@maxextraalpha=\count287
\c@abbrvpenalty=\count288
\c@highnamepenalty=\count289
\c@lownamepenalty=\count290
\c@maxparens=\count291
\c@parenlevel=\count292
\blx@tempcnta=\count293
\blx@tempcntb=\count294
\blx@tempcntc=\count295
\blx@maxsection=\count296
\blx@maxsegment@0=\count297
\blx@notetype=\count298
\blx@parenlevel@text=\count299
\blx@parenlevel@foot=\count300
\blx@sectionciteorder@0=\count301
\blx@entrysetcounter=\count302
\blx@biblioinstance=\count303
\labelnumberwidth=\skip49
\labelalphawidth=\skip50
\biblabelsep=\skip51
\bibitemsep=\skip52
\bibnamesep=\skip53
\bibinitsep=\skip54
\bibparsep=\skip55
\bibhang=\skip56
\blx@bcfin=\read3
\blx@bcfout=\write3
\blx@langwohyphens=\language87
\c@mincomprange=\count304
\c@maxcomprange=\count305
\c@mincompwidth=\count306
Package biblatex Info: Trying to load biblatex default data model...
Package biblatex Info: ... file 'blx-dm.def' found.

(/usr/share/texlive/texmf-dist/tex/latex/biblatex/blx-dm.def
File: blx-dm.def 2020/12/31 v3.16 biblatex localization (PK/MW)
)
Package biblatex Info: Trying to load biblatex style data model...
Package biblatex Info: ... file 'authoryear.dbx' not found.
Package biblatex Info: Trying to load biblatex custom data model...
Package biblatex Info: ... file 'biblatex-dm.cfg' not found.
\c@afterword=\count307
\c@savedafterword=\count308
\c@annotator=\count309
\c@savedannotator=\count310
\c@author=\count311
\c@savedauthor=\count312
\c@bookauthor=\count313
\c@savedbookauthor=\count314
\c@commentator=\count315
\c@savedcommentator=\count316
\c@editor=\count317
\c@savededitor=\count318
\c@editora=\count319
\c@savededitora=\count320
\c@editorb=\count321
\c@savededitorb=\count322
\c@editorc=\count323
\c@savededitorc=\count324
\c@foreword=\count325
\c@savedforeword=\count326
\c@holder=\count327
\c@savedholder=\count328
\c@introduction=\count329
\c@savedintroduction=\count330
\c@namea=\count331
\c@savednamea=\count332
\c@nameb=\count333
\c@savednameb=\count334
\c@namec=\count335
\c@savednamec=\count336
\c@translator=\count337
\c@savedtranslator=\count338
\c@shortauthor=\count339
\c@savedshortauthor=\count340
\c@shorteditor=\count341
\c@savedshorteditor=\count342
\c@labelname=\count343
\c@savedlabelname=\count344
\c@institution=\count345
\c@savedinstitution=\count346
\c@lista=\count347
\c@savedlista=\count348
\c@listb=\count349
\c@savedlistb=\count350
\c@listc=\count351
\c@savedlistc=\count352
\c@listd=\count353
\c@savedlistd=\count354
\c@liste=\count355
\c@savedliste=\count356
\c@listf=\count357
\c@savedlistf=\count358
\c@location=\count359
\c@savedlocation=\count360
\c@organization=\count361
\c@savedorganization=\count362
\c@origlocation=\count363
\c@savedoriglocation=\count364
\c@origpublisher=\count365
\c@savedorigpublisher=\count366
\c@publisher=\count367
\c@savedpublisher=\count368
\c@language=\count369
\c@savedlanguage=\count370
\c@origlanguage=\count371
\c@savedoriglanguage=\count372
\c@pageref=\count373
\c@savedpageref=\count374
\shorthandwidth=\skip57
\shortjournalwidth=\skip58
\shortserieswidth=\skip59
\shorttitlewidth=\skip60
\shortauthorwidth=\skip61
\shorteditorwidth=\skip62
\locallabelnumberwidth=\skip63
\locallabelalphawidth=\skip64
\localshorthandwidth=\skip65
\localshortjournalwidth=\skip66
\localshortserieswidth=\skip67
\localshorttitlewidth=\skip68
\localshortauthorwidth=\skip69
\localshorteditorwidth=\skip70
Package biblatex Info: Trying to load compatibility code...
Package biblatex Info: ... file 'blx-compat.def' found.

(/usr/share/texlive/texmf-dist/tex/latex/biblatex/blx-compat.def
File: blx-compat.def 2020/12/31 v3.16 biblatex compatibility (PK/MW)
)
Package biblatex Info: Trying to load generic definitions...
Package biblatex Info: ... file 'biblatex.def' found.

(/usr/share/texlive/texmf-dist/tex/latex/biblatex/biblatex.def
File: biblatex.def 2020/12/31 v3.16 biblatex compatibility (PK/MW)
\c@textcitecount=\count375
\c@textcitetotal=\count376
\c@textcitemaxnames=\count377
\c@biburlbigbreakpenalty=\count378
\c@biburlbreakpenalty=\count379
\c@biburlnumpenalty=\count380
\c@biburlucpenalty=\count381
\c@biburllcpenalty=\count382
\biburlbigskip=\muskip17
\biburlnumskip=\muskip18
\biburlucskip=\muskip19
\biburllcskip=\muskip20
\c@smartand=\count383
)
Package biblatex Info: Trying to load bibliography style 'authoryear'...
Package biblatex Info: ... file 'authoryear.bbx' found.

(/usr/share/texlive/texmf-dist/tex/latex/biblatex/bbx/authoryear.bbx
File: authoryear.bbx 2020/12/31 v3.16 biblatex bibliography style (PK/MW)
Package biblatex Info: Trying to load bibliography style 'standard'...
Package biblatex Info: ... file 'standard.bbx' found.

(/usr/share/texlive/texmf-dist/tex/latex/biblatex/bbx/standard.bbx
File: standard.bbx 2020/12/31 v3.16 biblatex bibliography style (PK/MW)
\c@bbx:relatedcount=\count384
\c@bbx:relatedtotal=\count385
))
Package biblatex Info: Trying to load citation style 'authoryear'...
Package biblatex Info: ... file 'authoryear.cbx' found.

(/usr/share/texlive/texmf-dist/tex/latex/biblatex/cbx/authoryear.cbx
File: authoryear.cbx 2020/12/31 v3.16 biblatex citation style (PK/MW)
Package biblatex Info: Redefining '\cite'.
Package biblatex Info: Redefining '\parencite'.
Package biblatex Info: Redefining '\footcite'.
Package biblatex Info: Redefining '\footcitetext'.
Package biblatex Info: Redefining '\smartcite'.
Package biblatex Info: Redefining '\textcite'.
Package biblatex Info: Redefining '\textcites'.
)
Package biblatex Info: Trying to load configuration file...
Package biblatex Info: ... file 'biblatex.cfg' found.

(/usr/share/texlive/texmf-dist/tex/latex/biblatex/biblatex.cfg
File: biblatex.cfg 
))
(/usr/share/texlive/texmf-dist/tex/latex/graphics/graphicx.sty
Package: graphicx 2020/09/09 v1.2b Enhanced LaTeX Graphics (DPC,SPQR)

(/usr/share/texlive/texmf-dist/tex/latex/graphics/graphics.sty
Package: graphics 2020/08/30 v1.4c Standard LaTeX Graphics (DPC,SPQR)

(/usr/share/texlive/texmf-dist/tex/latex/graphics/trig.sty
Package: trig 2016/01/03 v1.10 sin cos tan (DPC)
)
(/usr/share/texlive/texmf-dist/tex/latex/graphics-cfg/graphics.cfg
File: graphics.cfg 2016/06/04 v1.11 sample graphics configuration
)
Package graphics Info: Driver file: pdftex.def on input line 105.

(/usr/share/texlive/texmf-dist/tex/latex/graphics-def/pdftex.def
File: pdftex.def 2020/10/05 v1.2a Graphics/color driver for pdftex
))
\Gin@req@height=\dimen148
\Gin@req@width=\dimen149
)

Package biblatex Warning: 'babel/polyglossia' detected but 'csquotes' missing.
(biblatex)                Loading 'csquotes' recommended.

\@quotelevel=\count386
\@quotereset=\count387
LaTeX Font Info:    Trying to load font information for T1+ptm on input line 20
.
(/usr/share/texlive/texmf-dist/tex/latex/psnfss/t1ptm.fd
File: t1ptm.fd 2001/06/04 font definitions for T1/ptm.
)
(/usr/share/texlive/texmf-dist/tex/latex/l3backend/l3backend-pdftex.def
File: l3backend-pdftex.def 2020-01-29 L3 backend support: PDF output (pdfTeX)
\l__color_backend_stack_int=\count388
\l__pdf_internal_box=\box47
)
(./first_draft.aux

LaTeX Warning: Label `explicationsimplerag' multiply defined.

)
\openout1 = `first_draft.aux'.

LaTeX Font Info:    Checking defaults for OML/cmm/m/it on input line 20.
LaTeX Font Info:    ... okay on input line 20.
LaTeX Font Info:    Checking defaults for OMS/cmsy/m/n on input line 20.
LaTeX Font Info:    ... okay on input line 20.
LaTeX Font Info:    Checking defaults for OT1/cmr/m/n on input line 20.
LaTeX Font Info:    ... okay on input line 20.
LaTeX Font Info:    Checking defaults for T1/cmr/m/n on input line 20.
LaTeX Font Info:    ... okay on input line 20.
LaTeX Font Info:    Checking defaults for TS1/cmr/m/n on input line 20.
LaTeX Font Info:    ... okay on input line 20.
LaTeX Font Info:    Checking defaults for OMX/cmex/m/n on input line 20.
LaTeX Font Info:    ... okay on input line 20.
LaTeX Font Info:    Checking defaults for U/cmr/m/n on input line 20.
LaTeX Font Info:    ... okay on input line 20.
LaTeX Info: Redefining \degres on input line 20.
LaTeX Info: Redefining \dots on input line 20.
LaTeX Info: Redefining \up on input line 20.
Package biblatex Info: Trying to load language 'french'...
Package biblatex Info: ... file 'french.lbx' found.
 (/usr/share/texlive/texmf-dist/tex/latex/biblatex/lbx/french.lbx
File: french.lbx 2020/12/31 v3.16 biblatex localization (PK/MW)
)
Package biblatex Info: Input encoding 'utf8' detected.
Package biblatex Info: Automatic encoding selection.
(biblatex)             Assuming data encoding 'utf8'.
Package biblatex Info: Document encoding is UTF8 ....

(/usr/share/texlive/texmf-dist/tex/latex/l3kernel/expl3.sty
Package: expl3 2021-01-09 L3 programming layer (loader) 
)
Package biblatex Info: ... and expl3
(biblatex)             2021-01-09 L3 programming layer (loader) 
(biblatex)             is new enough (at least 2020/04/06),
(biblatex)             setting 'casechanger=expl3'.

(/usr/share/texlive/texmf-dist/tex/latex/biblatex/blx-case-expl3.sty
(/usr/share/texlive/texmf-dist/tex/latex/l3packages/xparse/xparse.sty
Package: xparse 2020-10-27 L3 Experimental document command parser

(/usr/share/texlive/texmf-dist/tex/latex/l3packages/xparse/xparse-generic.tex))
Package: blx-case-expl3 2020/12/31 v3.16 expl3 case changing code for biblatex
)
\openout3 = `first_draft.bcf'.

Package biblatex Info: Trying to load bibliographic data...
Package biblatex Info: ... file 'first_draft.bbl' found.
 (./first_draft.bbl)
Package biblatex Info: Reference section=0 on input line 20.
Package biblatex Info: Reference segment=0 on input line 20.

(/usr/share/texlive/texmf-dist/tex/context/base/mkii/supp-pdf.mkii
[Loading MPS to PDF converter (version 2006.09.02).]
\scratchcounter=\count389
\scratchdimen=\dimen150
\scratchbox=\box48
\nofMPsegments=\count390
\nofMParguments=\count391
\everyMPshowfont=\toks17
\MPscratchCnt=\count392
\MPscratchDim=\dimen151
\MPnumerator=\count393
\makeMPintoPDFobject=\count394
\everyMPtoPDFconversion=\toks18
) (/usr/share/texlive/texmf-dist/tex/latex/epstopdf-pkg/epstopdf-base.sty
Package: epstopdf-base 2020-01-24 v2.11 Base part for package epstopdf
Package epstopdf-base Info: Redefining graphics rule for `.eps' on input line 4
85.

(/usr/share/texlive/texmf-dist/tex/latex/latexconfig/epstopdf-sys.cfg
File: epstopdf-sys.cfg 2010/07/13 v1.3 Configuration of (r)epstopdf for TeX Liv
e
))
LaTeX Font Info:    External font `cmex10' loaded for size
(Font)              <12> on input line 21.
LaTeX Font Info:    External font `cmex10' loaded for size
(Font)              <8> on input line 21.
LaTeX Font Info:    External font `cmex10' loaded for size
(Font)              <6> on input line 21.
LaTeX Font Info:    Trying to load font information for T1+pcr on input line 21
.

(/usr/share/texlive/texmf-dist/tex/latex/psnfss/t1pcr.fd
File: t1pcr.fd 2001/06/04 font definitions for T1/pcr.
) [1

{/var/lib/texmf/fonts/map/pdftex/updmap/pdftex.map}]
LaTeX Font Info:    External font `cmex10' loaded for size
(Font)              <7> on input line 35.
LaTeX Font Info:    External font `cmex10' loaded for size
(Font)              <5> on input line 35.
<./figures/rag-simple-explanation.png, id=8, 542.025pt x 255.20343pt>
File: ./figures/rag-simple-explanation.png Graphic file (type png)
<use ./figures/rag-simple-explanation.png>
Package pdftex.def Info: ./figures/rag-simple-explanation.png  used on input li
ne 45.
(pdftex.def)             Requested size: 345.0pt x 162.44177pt.

Overfull \hbox (23.1457pt too wide) in paragraph at lines 52--52
[]\T1/ptm/b/n/14.4 Quelles sont les im-ple-men-ta-tions pos-sibles de ce concep
t ? 
 []

[2 <./figures/rag-simple-explanation.png (PNG copy)>]
<./figures/Elasticsearch-component-relation.png, id=13, 542.025pt x 441.14813pt
>
File: ./figures/Elasticsearch-component-relation.png Graphic file (type png)
<use ./figures/Elasticsearch-component-relation.png>
Package pdftex.def Info: ./figures/Elasticsearch-component-relation.png  used o
n input line 78.
(pdftex.def)             Requested size: 345.0pt x 280.79909pt.


LaTeX Warning: `h' float specifier changed to `ht'.

[3]
Overfull \hbox (11.3742pt too wide) in paragraph at lines 93--93
[][][]\T1/ptm/m/sc/10 DevopsIdeas []\T1/ptm/m/n/10 (2022). \T1/ptm/m/it/10 Dif-
ferent Elas-tic-search com-po-nents and what they mean\T1/ptm/m/n/10 . $\T1/pcr
/m/n/10 https :
 []

(./first_draft.lof [4 <./figures/Elasticsearch-component-relation.png (PNG copy
)>])
\tf@lof=\write4
\openout4 = `first_draft.lof'.

 [5] (./first_draft.aux)

LaTeX Warning: There were multiply-defined labels.


Package biblatex Warning: Please rerun LaTeX.
(biblatex)                Page breaks have changed.

Package logreq Info: Writing requests to 'first_draft.run.xml'.
\openout1 = `first_draft.run.xml'.

 ) 
Here is how much of TeX's memory you used:
 10762 strings out of 479304
 194288 string characters out of 5869779
 905882 words of memory out of 5000000
 27851 multiletter control sequences out of 15000+600000
 444036 words of font info for 63 fonts, out of 8000000 for 9000
 1141 hyphenation exceptions out of 8191
 68i,6n,74p,744b,3435s stack positions out of 5000i,500n,10000p,200000b,80000s
{/usr/share/texlive/texmf-dist/fonts/enc/dvips/base/8r.enc}</usr/share/texliv
e/texmf-dist/fonts/type1/urw/courier/ucrr8a.pfb></usr/share/texlive/texmf-dist/
fonts/type1/urw/times/utmb8a.pfb></usr/share/texlive/texmf-dist/fonts/type1/urw
/times/utmr8a.pfb></usr/share/texlive/texmf-dist/fonts/type1/urw/times/utmri8a.
pfb>
Output written on first_draft.pdf (5 pages, 227955 bytes).
PDF statistics:
 39 PDF objects out of 1000 (max. 8388607)
 25 compressed objects within 1 object stream
 0 named destinations out of 1000 (max. 500000)
 11 words of extra memory for PDF output out of 10000 (max. 10000000)

